yarn run v1.22.22
$ /Users/ayushsrivastava/Downloads/standard-contracts/contracts/nft/node_modules/.bin/zetachain localnet start --force-kill --skip sui ton solana


                             _   _
                            (_) | |
      __ _   _ __   __   __  _  | |
     / _` | | '_ \  \ \ / / | | | |
    | (_| | | | | |  \ V /  | | | |
     \__,_| |_| |_|   \_/   |_| |_|

    1.3.2-stable (c4245d6633 2025-08-21T19:03:33.152990000Z)
    https://github.com/foundry-rs/foundry

Available Accounts
==================

(0) 0xf39Fd6e51aad88F6F4ce6aB8827279cffFb92266 (10000.000000000000000000 ETH)
(1) 0x70997970C51812dc3A010C7d01b50e0d17dc79C8 (10000.000000000000000000 ETH)
(2) 0x3C44CdDdB6a900fa2b585dd299e03d12FA4293BC (10000.000000000000000000 ETH)
(3) 0x90F79bf6EB2c4f870365E785982E1f101E93b906 (10000.000000000000000000 ETH)
(4) 0x15d34AAf54267DB7D7c367839AAf71A00a2C6A65 (10000.000000000000000000 ETH)
(5) 0x9965507D1a55bcC2695C58ba16FB37d819B0A4dc (10000.000000000000000000 ETH)
(6) 0x976EA74026E726554dB657fA54763abd0C3a0aa9 (10000.000000000000000000 ETH)
(7) 0x14dC79964da2C08b23698B3D3cc7Ca32193d9955 (10000.000000000000000000 ETH)
(8) 0x23618e81E3f5cdF7f54C3d65f7FBc0aBf5B21E8f (10000.000000000000000000 ETH)
(9) 0xa0Ee7A142d267C1f36714E4a8F75612F20a79720 (10000.000000000000000000 ETH)

Private Keys
==================

(0) 0xac0974bec39a17e36ba4a6b4d238ff944bacb478cbed5efcae784d7bf4f2ff80
(1) 0x59c6995e998f97a5a0044966f0945389dc9e86dae88c7a8412f4603b6b78690d
(2) 0x5de4111afa1a4b94908f83103eb1f1706367c2e68ca870fc3fb9a804cdab365a
(3) 0x7c852118294e51e653712a81e05800f419141751be58f605c371e15141b007a6
(4) 0x47e179ec197488593b187f80a00eb0da91f1b9d0b13f8733639f19c30a34926a
(5) 0x8b3a350cf5c34c9194ca85829a2df0ec3153be0318b5e2d3348e872092edffba
(6) 0x92db14e403b83dfe3df233f83dfa3a0d7096f21ca9b0d6d6b8d88b2b4ec1564e
(7) 0x4bbbf85ce3377467afe5d46f804f221813b2bb87f24d81f60f1fcdbf7cbf4356
(8) 0xdbda1821b80551c9d65939329250298aa3472ba22feea921c0cf5d620ea67b97
(9) 0x2a871d0798f97d79848a013d4936a73bf4cc922c825d33c1cf7073dff6d409c6

Wallet
==================
Mnemonic:          test test test test test test test test test test test junk
Derivation path:   m/44'/60'/0'/0/


Chain ID
==================

31337

Base Fee
==================

1000000000

Gas Limit
==================

30000000

Genesis Timestamp
==================

1755991070

Genesis Number
==================

0

Listening on 127.0.0.1:8545
Skipping Ton...
eth_chainId
anvil_impersonateAccount
anvil_setBalance
eth_getTransactionCount
eth_chainId
eth_chainId
eth_chainId
eth_getBlockByNumber
eth_gasPrice
eth_maxPriorityFeePerGas
eth_chainId
eth_blockNumber
eth_sendRawTransaction
eth_chainId

    Transaction: 0x7b7646e982666c1269d6e9f27f79a9ace53780f7f3f113dce97763aaa9790103
    Contract created: 0x5FbDB2315678afecb367f032d93F642f64180aa3
    Gas used: 652297

    Block Number: 1
    Block Hash: 0x029db30a4c771fe56d1565d0145cabb3b5644cb09a9e6d60ce090ec60e82ef1e
    Block Time: "Sat, 23 Aug 2025 23:17:50 +0000"

eth_chainId
eth_chainId
eth_chainId
eth_chainId
eth_sendRawTransaction
eth_chainId
eth_sendRawTransaction

    Transaction: 0x614506a8d59338fbf7b53bdef81479169baa0d9400ba4b6e6d560b8181ce810c
    Contract created: 0xe7f1725E7734CE288F8367e1Bb143E90bb3F0512
    Gas used: 5440656

    Transaction: 0x904f087be81c64ad52703806aacba303e848963d51e7f2ac7377e22c01d19749
    Contract created: 0x9fE46736679d2D9a65F0992F2272dE9f3c7fa6e0
    Gas used: 8492167

    Block Number: 2
    Block Hash: 0x92e8b3ffff13919c5c71c8f81b2c7d0c79cbaf8fb4b00a9eaddd6eb9f1bf5dfc
    Block Time: "Sat, 23 Aug 2025 23:17:50 +0000"

eth_chainId
eth_getTransactionReceipt
eth_chainId
eth_chainId
eth_chainId
eth_sendRawTransaction
eth_chainId

    Transaction: 0x09cf83614323ef47a6ce35b394cb021192b761b70ee8eb34c80814fb5cefc5c8
    Contract created: 0xCf7Ed3AccA5a467e9e704C703E8D87F634fB0Fc9
    Gas used: 4757729

    Block Number: 3
    Block Hash: 0x3828c5dd0002478570578fdf31acb15c8f9398e9d9e876ad5749a7403e4f69dc
    Block Time: "Sat, 23 Aug 2025 23:17:50 +0000"

eth_blockNumber
eth_chainId
eth_getTransactionCount
eth_chainId
eth_chainId
eth_chainId
eth_getBlockByNumber
eth_gasPrice
eth_maxPriorityFeePerGas
eth_chainId
eth_sendRawTransaction
eth_chainId

    Transaction: 0x3f1ef0f1aaf39c268226ea763543279e64d78539e4ddf5bd763de5d6e03edeee
    Contract created: 0xDc64a140Aa3E981100a9becA4E685f962f0cF6C9
    Gas used: 2667896

    Block Number: 4
    Block Hash: 0x24546e0b817d98e18aaaa28d2d1055c74b786559e34b5a21276756a9e6bc9466
    Block Time: "Sat, 23 Aug 2025 23:17:51 +0000"

eth_chainId
eth_getTransactionReceipt
eth_chainId
eth_blockNumber
eth_chainId
eth_getTransactionCount
eth_chainId
eth_chainId
eth_chainId
eth_getBlockByNumber
eth_gasPrice
eth_maxPriorityFeePerGas
eth_chainId
eth_sendRawTransaction
eth_chainId

    Transaction: 0xc38d88929a1030a9072fc36f95de480bca2654010e9332ec10799f7f317b41d5
    Contract created: 0x5FC8d32690cc91D4c39d9d3abcBD16989F875707
    Gas used: 5473108

    Block Number: 5
    Block Hash: 0x4f1100a124e7d64f4da7302a0a0985f35576faea9a1572f6065a2f14cfe92daa
    Block Time: "Sat, 23 Aug 2025 23:17:51 +0000"

eth_chainId
eth_getTransactionReceipt
eth_chainId
eth_blockNumber
eth_chainId
eth_accounts
eth_chainId
eth_getTransactionCount
eth_chainId
eth_chainId
eth_chainId
eth_getBlockByNumber
eth_gasPrice
eth_maxPriorityFeePerGas
eth_chainId
eth_sendRawTransaction
eth_chainId

    Transaction: 0xecc6e0e2255fd3495379eb4b5f0a2669e27f6e45b1e94df869967211eca449e9
    Contract created: 0x0165878A594ca255338adfa4d48449f69242Eb8F
    Gas used: 687413

    Block Number: 6
    Block Hash: 0xcaa5522506915afb500afe7cde42b7a5b0b072996f897f4cf33854074b834537
    Block Time: "Sat, 23 Aug 2025 23:17:51 +0000"

eth_chainId
eth_chainId
eth_chainId
eth_chainId
eth_sendRawTransaction
eth_chainId

    Transaction: 0xa94a60357ad4a9b095912ae281105b7e89657706e628e2f9215c1882006a67c8
    Contract created: 0xa513E6E4b8f2a923D98304ec87F64353C4D5C853
    Gas used: 3352253

    Block Number: 7
    Block Hash: 0xb371a8f035e74f8cd0d0d24851f2095172cf1f903be892c5ac802c60e3f820be
    Block Time: "Sat, 23 Aug 2025 23:17:51 +0000"

eth_chainId
eth_chainId
eth_chainId
eth_chainId
eth_blockNumber
eth_sendRawTransaction
eth_chainId

    Transaction: 0x17fe9e7ce7ffb5542b13b6c2532ed29a8285eecf17f0c9481f6144126aa0ada7
    Contract created: 0x2279B7A0a67DB372996a5FaB50D91eAA73d2eBe6
    Gas used: 256606

    Block Number: 8
    Block Hash: 0x19f77e54a14c5b3e018de5b40b7e2212a53933965fa8b2b47564d96f8cd470ed
    Block Time: "Sat, 23 Aug 2025 23:17:51 +0000"

eth_chainId
eth_sendTransaction
eth_sendTransaction

    Transaction: 0x91989d871b1f6e90e80f389580bde43a1b9a9085db51a3c6ea2a0854783f98b4
    Gas used: 44934

    Transaction: 0xb8cc24744b65c6f1b81aa20915a919a539bcd600be62d60350a1eeb272172f59
    Gas used: 91088

    Block Number: 9
    Block Hash: 0xa4e109733794b99843f8401543623d9921a71a0d129308b12f35fbb0ed5f3f2d
    Block Time: "Sat, 23 Aug 2025 23:17:51 +0000"

eth_chainId
eth_getTransactionByHash
eth_getTransactionByHash
eth_chainId
eth_chainId
eth_sendRawTransaction
eth_chainId
eth_sendRawTransaction

    Transaction: 0xf97dc3751c9c879283d6e060e908a492c12e3ca4db83529a3b778c56b6d41cef
    Gas used: 44934

    Transaction: 0x4f5d79cde7b4975a5e987c0ff16c15c31f0b5f7a457a07ce7b400e9b5052bb83
    Gas used: 91088

    Block Number: 10
    Block Hash: 0x3c5356347fa6218cecf53e44c6a953388964b3eebacb9e805c4fe15d80b67aea
    Block Time: "Sat, 23 Aug 2025 23:17:51 +0000"

TON setup skipped
eth_getTransactionCount
eth_chainId
eth_chainId
eth_chainId
eth_getBlockByNumber
eth_gasPrice
eth_maxPriorityFeePerGas
eth_chainId
eth_sendRawTransaction
eth_chainId
eth_sendRawTransaction
eth_sendRawTransaction
eth_sendRawTransaction

    Transaction: 0x2f878e114f9a3b64c0512b556c4b4f143d15217f24ab9ef2ede87efed94847da
    Contract created: 0xB7f8BC63BbcaD18155201308C8f3540b07f84F5e
    Gas used: 3308972

    Transaction: 0xf0ea69d7b615c139e671434ab311b07f2d3d26edac90c8c54814d4015777f544
    Contract created: 0xA51c1fc2f0D1a1b8494Ed1FE312d7C3a78Ed91C0
    Gas used: 6617944

    Transaction: 0x66bfc5ca60c86158814fc419ec824790d199af865d59998ece7698a58d0d186c
    Contract created: 0x0DCd1Bf9A1b36cE34237eEaFef220932846BCD82
    Gas used: 7269121

    Transaction: 0x1facc68390018144294ef20341787073fa6850c01c8449e70c6ce45d94a1aa39
    Contract created: 0x9A676e781A523b5d0C0e43731313A708CB607508
    Gas used: 7920298

    Block Number: 11
    Block Hash: 0x70f66730b4b1f92e43e098569ebf863f78dbab61a404e554dd6c9c00645889bd
    Block Time: "Sat, 23 Aug 2025 23:17:52 +0000"

eth_chainId
eth_chainId
eth_chainId
eth_chainId
eth_blockNumber
eth_sendRawTransaction
eth_chainId
eth_sendRawTransaction

    Transaction: 0xa0a5c6b0b7da35efdae5a42321ea48e771178bf6bea80555a1135af6bf0618d3
    Contract created: 0x0B306BF915C4d645ff596e518fAf3F9669b97016
    Gas used: 328564

    Transaction: 0x374a473c6e0367e72c8dbda28ffc5502fb6cf28c12ad878ae973a6ab535bb93d
    Contract created: 0x959922bE3CAee4b8Cd9a407cc3ac1C251C2007B1
    Gas used: 657128

    Block Number: 12
    Block Hash: 0x60931581e59db2f1e48c03eef9590ca4ff9e60fc6209385550b45f68f0d2665b
    Block Time: "Sat, 23 Aug 2025 23:17:52 +0000"

eth_chainId
eth_chainId
eth_chainId
eth_chainId
eth_sendRawTransaction
eth_chainId
eth_sendRawTransaction
eth_sendRawTransaction
eth_sendRawTransaction

    Transaction: 0x74dea9feab6ab18f8e59df6fffe0235d66c13e16884252beea1d08262a7f9b66
    Contract created: 0x9A9f2CCfdE556A7E9Ff0848998Aa4a0CFD8863AE
    Gas used: 2096260

    Transaction: 0x4e781311246ac92f7665efc3d9403cac5b6ca42f72eac07ceb06296f4550880c
    Contract created: 0x68B1D87F95878fE05B998F19b66F4baba5De1aed
    Gas used: 4425970

    Transaction: 0xadc06857190de8e4933db7378fdcdf65bddce1a66bc18c7a523f4279fcf6572f
    Contract created: 0x3Aa5ebB10DC797CAC828524e59A333d0A371443c
    Gas used: 6522230

    Transaction: 0xe89f26caa918473c960348dbcee5cb0e117d23b999fb4197038f003c31178407
    Contract created: 0xc6e7DF5E7b4f2A278906862b61205850344D4e7d
    Gas used: 8851940

    Block Number: 13
    Block Hash: 0xdf26503965822d05500a71d18edb00c9ea3e28c65d754dae507ec6ed34082500
    Block Time: "Sat, 23 Aug 2025 23:17:52 +0000"

eth_getTransactionCount
eth_chainId
eth_chainId
eth_chainId
eth_getBlockByNumber
eth_gasPrice
eth_maxPriorityFeePerGas
eth_chainId
eth_sendRawTransaction
eth_chainId
eth_sendRawTransaction
eth_sendRawTransaction
eth_sendRawTransaction
eth_sendRawTransaction
eth_sendRawTransaction

    Transaction: 0xba5bf06d5fc16d5b9c457f8b4ffec6b8293c9b0d1df617aac8317b2ad3546d78
    Gas used: 263947

    Transaction: 0x028540b3b9e1eaa2b9b0443f9a84228a55293f1bd2af61c8fe691c2c7bd198c2
    Gas used: 339898

    Transaction: 0x4538b5c721a30ede0602160a6ad03e8f9cfa91a1c0d8fb394c1502136f23986a
    Gas used: 415829

    Transaction: 0x63d392e39e6a1290a0cd4a5cc73e5fdb0249c3b3a2d43deda11f198ae6069b7d
    Gas used: 679776

    Transaction: 0xe00f7f287c945ee18a6ba185af3ef51d9e8d7972cf47eda61e98ca1e436d1533
    Gas used: 755727

    Transaction: 0x8d1903758666927da686c5e13e20757bbffcb36f2601f9c034babe374cc4c708
    Gas used: 831658

    Block Number: 14
    Block Hash: 0xb7ff9d0b351b4f0f6c1b3901d7ddff01d4917c40fc3064f6e17e484331666433
    Block Time: "Sat, 23 Aug 2025 23:17:52 +0000"

eth_newFilter
eth_newFilter
eth_newFilter
eth_newFilter
eth_newFilter
eth_newFilter
eth_sendTransaction
eth_sendTransaction
eth_sendTransaction
eth_sendTransaction
eth_sendTransaction

    Transaction: 0x528101d404e12de93ce2adbf5683cebb28c2481007d6b9ad6394e8d8700cbc10
    Contract created: 0x2ca7d64A7EFE2D62A725E2B35Cf7230D6677FfEe
    Gas used: 1727082

    Transaction: 0xe045e1476263688406a365be85a127a4ee7280ac767961139b090940a4d73085
    Contract created: 0x239e96c8f17C85c30100AC26F635Ea15f23E9c67
    Gas used: 3454188

    Transaction: 0xd45cc2a957d8419220fbdd5fb5a6c5142d97b6c35b371b0c1aa8794f674cf8bc
    Contract created: 0x91d18e54DAf4F677cB28167158d6dd21F6aB3921
    Gas used: 5181282

    Transaction: 0x01a9f144860cb51f960ecb8748b9bdc572efb4c086566351ef713ddfdfe8e1a3
    Contract created: 0x13A0c5930C028511Dc02665E7285134B6d11A5f4
    Gas used: 6908400

    Transaction: 0x5e67c04f60ffcb57181bf023cf7431c0a087c7ffd5d99d865b0aec286debd7fe
    Contract created: 0xd97B1de3619ed2c6BEb3860147E30cA8A7dC9891
    Gas used: 8635578

    Block Number: 15
    Block Hash: 0xf25e3a91195b7fc82ba145d87e1efbaf6f24095342875ee0e374db87b23c5f0c
    Block Time: "Sat, 23 Aug 2025 23:17:52 +0000"

eth_chainId
eth_getTransactionByHash
eth_getTransactionByHash
eth_getTransactionByHash
eth_getTransactionByHash
eth_getTransactionByHash
eth_getFilterChanges
eth_getFilterChanges
eth_getFilterChanges
eth_getFilterChanges
eth_getFilterChanges
eth_getFilterChanges
eth_chainId
eth_getTransactionReceipt
eth_getTransactionReceipt
eth_getTransactionReceipt
eth_getTransactionReceipt
eth_getTransactionReceipt
eth_blockNumber
eth_chainId
eth_estimateGas
eth_estimateGas
eth_estimateGas
eth_estimateGas
eth_estimateGas
eth_estimateGas
eth_call
eth_call
eth_call
eth_sendTransaction
eth_sendTransaction
eth_sendTransaction
eth_sendTransaction
eth_sendTransaction
eth_sendTransaction
eth_chainId
eth_call
eth_call
eth_call

    Transaction: 0x4d58ad599555e45c0794fda4fd94f3cec15fa8c49ef8adaac0280b7ca99b4535
    Gas used: 45509

    Transaction: 0x2e6e8c8eba5bef7bfb9dcedb011c7f94193acbacb2d338600f01712f5d763b1c
    Gas used: 90662

    Transaction: 0x8f713a068c6b755c51fe260c9f754c156a1bfe21ed9d8a23786875a20c19f83d
    Gas used: 136171

    Transaction: 0x9560948f730f06efda8a38819c2a6a55305ba477e8afaf5bb80d85e063d88f19
    Gas used: 181324

    Transaction: 0x21391753561eb78cbd20d0e094e4a19f2c572a9968373fdef0c4c06bbf5f625e
    Gas used: 226857

    Transaction: 0x313d739e5d8db8f6f4b8167a97c347866653639da4ea18d654d11112b6f2f353
    Gas used: 272034

    Block Number: 16
    Block Hash: 0xaf89dd8183dfa428884ef9bb6444e2fb1334ff5912e1cbd9c52de1c751cc124b
    Block Time: "Sat, 23 Aug 2025 23:17:52 +0000"

eth_chainId
eth_getTransactionByHash
eth_getTransactionByHash
eth_getTransactionByHash
eth_getTransactionByHash
eth_getTransactionByHash
eth_getTransactionByHash
eth_sendTransaction
eth_call
eth_sendTransaction
eth_call
eth_sendTransaction
eth_call

    Transaction: 0x8c56c92fe672d2dd955e331d4bf7e77f117922ca0686da2d3008c4ccbb955323
    Gas used: 71121

    Transaction: 0xfc6ef37518b0635e3ef0d600eca45091f1fd85438c1c92aa04b06ca008f80563
    Gas used: 142242

    Transaction: 0x9d3a13939af3e27f61e10a06146b2f520308a12bf687219d1ad4f9c5aeb45e26
    Gas used: 213363

    Block Number: 17
    Block Hash: 0x6f688dd99b20d5b94ca160903fb897583be6fc23921d46cf7675f397fb735352
    Block Time: "Sat, 23 Aug 2025 23:17:52 +0000"

eth_chainId
eth_getTransactionByHash
eth_getTransactionByHash
eth_getTransactionByHash
eth_chainId
eth_sendRawTransaction
eth_sendRawTransaction

    Transaction: 0x0e92cd432eb718df55ac88e3a55d38aa097566e29011ead8dedc99ab7407c099
    Contract created: 0x09635F643e140090A9A8Dcd712eD6285858ceBef
    Gas used: 651177

    Transaction: 0x18cd565c5ec041969d231ae7e1999e197aa5db7fdc365f657e971dbfe76b5075
    Contract created: 0xc5a5C42992dECbae36851359345FE25997F5C42d
    Gas used: 1302354

    Block Number: 18
    Block Hash: 0x1f22c113b1e41fe6c3a8350383321f2e903d1a65bbdef7940adecdacd6f244ed
    Block Time: "Sat, 23 Aug 2025 23:17:52 +0000"

eth_chainId
eth_getTransactionReceipt
eth_getTransactionReceipt
eth_chainId
eth_sendRawTransaction
eth_chainId
eth_sendRawTransaction
eth_sendRawTransaction
eth_sendRawTransaction
eth_sendRawTransaction
eth_sendRawTransaction

    Transaction: 0xafb91ae6c93d8315d29c42a7c9bcdb1f79305994408302a3cf8312c1ac8333b7
    Gas used: 27834

    Transaction: 0x8e990484eae1238f52c93b97dbbaeb109d9d859863b7ae88b691043cf691fbc4
    Gas used: 55668

    Transaction: 0x0274a81ef5855c0fc9974f07f7a3dd479586a879f26bcb1f270abbecbc7e7f02
    Gas used: 83502

    Transaction: 0xf316514be308e37ebe6de928f8d5e5d4084a091510a074cd3e9604e5015c20ec
    Gas used: 135083

    Transaction: 0xbbe2e92d360e315dfe8abbe5bd625014e6f5afb468a0785f561ed9b703cbe953
    Gas used: 186664

    Transaction: 0x2aae60e7e87083820eb3a5bbdfb2c7f66bad85b02112307f09ce843ea29ab4b6
    Gas used: 238209

    Block Number: 19
    Block Hash: 0xe67a3fe509952bc0ae57a620179418beb42eaad4705420066d0b0e893b5ca07c
    Block Time: "Sat, 23 Aug 2025 23:17:52 +0000"

eth_getTransactionCount
eth_chainId
eth_call
eth_call
eth_call
eth_chainId
eth_call
eth_call
eth_call
eth_chainId
eth_getBlockByNumber
eth_gasPrice
eth_maxPriorityFeePerGas
eth_chainId
eth_chainId
eth_sendRawTransaction
eth_chainId
eth_sendRawTransaction
eth_sendRawTransaction
eth_sendRawTransaction
eth_sendRawTransaction
eth_sendRawTransaction
eth_sendRawTransaction
eth_sendRawTransaction
eth_sendRawTransaction

    Transaction: 0xf471dd54a98c440cc6178104d6c45d6ea799ca4baf8f42bcd351ff986e135ee1
    Gas used: 2524104

    Transaction: 0x9600a940d9af54d8def7f632599fac361689598df9f40f4aec105487148ec3a8
    Gas used: 5031118

    Transaction: 0x9a2570e8723323f85cb9a90cd01a44fb98e3af18040c02c25bc81464e68f516d
    Gas used: 7538132

    Transaction: 0x6c7480a8b9e488eae91edf428faf10f7db4e88f887e7401c3926a3bf8b4f1601
    Gas used: 7584411

    Transaction: 0xc2087535d8d2291e28604f38a2c4bbc8940b6e1b82024b912db5df40fd0aa3de
    Gas used: 7630577

    Transaction: 0xdfb57305ae9674fec6d7730c6d7463cd92b49e59116a2a23aa1aa9cc9e28afee
    Gas used: 7676856

    Transaction: 0x5760b3df6ea623bec07776a4ca07281d024a7d0cd5216755eafb648325e0b0bd
    Gas used: 7703122

    Transaction: 0x8d420c0304a78bbed32c1c4f418423ba77460209eb6c144b2af4db9322cb7079
    Gas used: 7749401

    Transaction: 0xe6db3429413e73eb88f2adc08982f434064b458d51b28c7db621c42d768278a6
    Gas used: 7775667

    Block Number: 20
    Block Hash: 0x7708bda1f95fbe5d8ff03b3d2f018c30626240d32da14a51843df727199d6041
    Block Time: "Sat, 23 Aug 2025 23:17:52 +0000"

eth_sendRawTransaction
eth_chainId
eth_sendRawTransaction
eth_sendRawTransaction

    Transaction: 0xaa385bdad0d49e7012ccc93892f51db2154ae577837cce9ef26d78a466c9173c
    Gas used: 236122

    Transaction: 0x6df71d6d07f754842572561571134132cd4424958e1935964cf3399ae826dce4
    Gas used: 472284

    Transaction: 0x5af936e7009a347eea0284061199e752bbe91977ddd3dfd279624afbd598cc3c
    Gas used: 706751

    Block Number: 21
    Block Hash: 0xdce649bd4bbd89d26a08e27c26b8ad43e56123a971c93c43bb09bd5984efa76e
    Block Time: "Sat, 23 Aug 2025 23:17:52 +0000"

eth_chainId
eth_chainId
eth_estimateGas
eth_estimateGas
eth_estimateGas

RPC request failed:
    Request: EthEstimateGas(WithOtherFields { inner: TransactionRequest { from: Some(0xf39fd6e51aad88f6f4ce6ab8827279cfffb92266), to: Some(Call(0xe7f1725e7734ce288f8367e1bb143e90bb3f0512)), gas_price: None, max_fee_per_gas: None, max_priority_fee_per_gas: None, max_fee_per_blob_gas: None, gas: None, value: None, input: TransactionInput { input: None, data: Some(0xa16712950000000000000000000000002ca7d64a7efe2d62a725e2b35cf7230d6677ffee0000000000000000000000005fbdb2315678afecb367f032d93f642f64180aa30000000000000000000000000000000000000000000000000000000000000bb8) }, nonce: Some(35), chain_id: None, access_list: None, transaction_type: None, blob_versioned_hashes: None, sidecar: None, authorization_list: None }, other: OtherFields {} }, None, None, None)
    Error: Transaction rejected: nonce too low


RPC request failed:
    Request: EthEstimateGas(WithOtherFields { inner: TransactionRequest { from: Some(0xf39fd6e51aad88f6f4ce6ab8827279cfffb92266), to: Some(Call(0xe7f1725e7734ce288f8367e1bb143e90bb3f0512)), gas_price: None, max_fee_per_gas: None, max_priority_fee_per_gas: None, max_fee_per_blob_gas: None, gas: None, value: None, input: TransactionInput { input: None, data: Some(0xa16712950000000000000000000000005fbdb2315678afecb367f032d93f642f64180aa300000000000000000000000091d18e54daf4f677cb28167158d6dd21f6ab39210000000000000000000000000000000000000000000000000000000000000bb8) }, nonce: Some(35), chain_id: None, access_list: None, transaction_type: None, blob_versioned_hashes: None, sidecar: None, authorization_list: None }, other: OtherFields {} }, None, None, None)
    Error: Transaction rejected: nonce too low


RPC request failed:
    Request: EthEstimateGas(WithOtherFields { inner: TransactionRequest { from: Some(0xf39fd6e51aad88f6f4ce6ab8827279cfffb92266), to: Some(Call(0xe7f1725e7734ce288f8367e1bb143e90bb3f0512)), gas_price: None, max_fee_per_gas: None, max_priority_fee_per_gas: None, max_fee_per_blob_gas: None, gas: None, value: None, input: TransactionInput { input: None, data: Some(0xa16712950000000000000000000000005fbdb2315678afecb367f032d93f642f64180aa3000000000000000000000000d97b1de3619ed2c6beb3860147e30ca8a7dc98910000000000000000000000000000000000000000000000000000000000000bb8) }, nonce: Some(35), chain_id: None, access_list: None, transaction_type: None, blob_versioned_hashes: None, sidecar: None, authorization_list: None }, other: OtherFields {} }, None, None, None)
    Error: Transaction rejected: nonce too low

Error adding liquidity to Uniswap V3: Error: missing revert data (action="estimateGas", data=null, reason=null, transaction={ "data": "0xa16712950000000000000000000000002ca7d64a7efe2d62a725e2b35cf7230d6677ffee0000000000000000000000005fbdb2315678afecb367f032d93f642f64180aa30000000000000000000000000000000000000000000000000000000000000bb8", "from": "0xf39Fd6e51aad88F6F4ce6aB8827279cffFb92266", "to": "0xe7f1725E7734CE288F8367e1Bb143E90bb3F0512" }, invocation=null, revert=null, code=CALL_EXCEPTION, version=6.13.5)
    at makeError (/Users/ayushsrivastava/Downloads/standard-contracts/contracts/nft/node_modules/zetachain/node_modules/ethers/lib.commonjs/utils/errors.js:129:21)
    at getBuiltinCallException (/Users/ayushsrivastava/Downloads/standard-contracts/contracts/nft/node_modules/zetachain/node_modules/ethers/lib.commonjs/abi/abi-coder.js:105:37)
    at AbiCoder.getBuiltinCallException (/Users/ayushsrivastava/Downloads/standard-contracts/contracts/nft/node_modules/zetachain/node_modules/ethers/lib.commonjs/abi/abi-coder.js:206:16)
    at JsonRpcProvider.getRpcError (/Users/ayushsrivastava/Downloads/standard-contracts/contracts/nft/node_modules/zetachain/node_modules/ethers/lib.commonjs/providers/provider-jsonrpc.js:676:43)
    at /Users/ayushsrivastava/Downloads/standard-contracts/contracts/nft/node_modules/zetachain/node_modules/ethers/lib.commonjs/providers/provider-jsonrpc.js:302:45
    at process.processTicksAndRejections (node:internal/process/task_queues:95:5) {
  code: 'CALL_EXCEPTION',
  action: 'estimateGas',
  data: null,
  reason: null,
  transaction: {
    to: '0xe7f1725E7734CE288F8367e1Bb143E90bb3F0512',
    data: '0xa16712950000000000000000000000002ca7d64a7efe2d62a725e2b35cf7230d6677ffee0000000000000000000000005fbdb2315678afecb367f032d93f642f64180aa30000000000000000000000000000000000000000000000000000000000000bb8',
    from: '0xf39Fd6e51aad88F6F4ce6aB8827279cffFb92266'
  },
  invocation: null,
  revert: null,
  shortMessage: 'missing revert data',
  info: {
    error: { code: -32003, message: 'nonce too low' },
    payload: {
      method: 'eth_estimateGas',
      params: [Array],
      id: 254,
      jsonrpc: '2.0'
    }
  }
}
Error adding liquidity to Uniswap V3: Error: missing revert data (action="estimateGas", data=null, reason=null, transaction={ "data": "0xa16712950000000000000000000000005fbdb2315678afecb367f032d93f642f64180aa300000000000000000000000091d18e54daf4f677cb28167158d6dd21f6ab39210000000000000000000000000000000000000000000000000000000000000bb8", "from": "0xf39Fd6e51aad88F6F4ce6aB8827279cffFb92266", "to": "0xe7f1725E7734CE288F8367e1Bb143E90bb3F0512" }, invocation=null, revert=null, code=CALL_EXCEPTION, version=6.13.5)
    at makeError (/Users/ayushsrivastava/Downloads/standard-contracts/contracts/nft/node_modules/zetachain/node_modules/ethers/lib.commonjs/utils/errors.js:129:21)
    at getBuiltinCallException (/Users/ayushsrivastava/Downloads/standard-contracts/contracts/nft/node_modules/zetachain/node_modules/ethers/lib.commonjs/abi/abi-coder.js:105:37)
    at AbiCoder.getBuiltinCallException (/Users/ayushsrivastava/Downloads/standard-contracts/contracts/nft/node_modules/zetachain/node_modules/ethers/lib.commonjs/abi/abi-coder.js:206:16)
    at JsonRpcProvider.getRpcError (/Users/ayushsrivastava/Downloads/standard-contracts/contracts/nft/node_modules/zetachain/node_modules/ethers/lib.commonjs/providers/provider-jsonrpc.js:676:43)
    at /Users/ayushsrivastava/Downloads/standard-contracts/contracts/nft/node_modules/zetachain/node_modules/ethers/lib.commonjs/providers/provider-jsonrpc.js:302:45
    at process.processTicksAndRejections (node:internal/process/task_queues:95:5) {
  code: 'CALL_EXCEPTION',
  action: 'estimateGas',
  data: null,
  reason: null,
  transaction: {
    to: '0xe7f1725E7734CE288F8367e1Bb143E90bb3F0512',
    data: '0xa16712950000000000000000000000005fbdb2315678afecb367f032d93f642f64180aa300000000000000000000000091d18e54daf4f677cb28167158d6dd21f6ab39210000000000000000000000000000000000000000000000000000000000000bb8',
    from: '0xf39Fd6e51aad88F6F4ce6aB8827279cffFb92266'
  },
  invocation: null,
  revert: null,
  shortMessage: 'missing revert data',
  info: {
    error: { code: -32003, message: 'nonce too low' },
    payload: {
      method: 'eth_estimateGas',
      params: [Array],
      id: 255,
      jsonrpc: '2.0'
    }
  }
}
Error adding liquidity to Uniswap V3: Error: missing revert data (action="estimateGas", data=null, reason=null, transaction={ "data": "0xa16712950000000000000000000000005fbdb2315678afecb367f032d93f642f64180aa3000000000000000000000000d97b1de3619ed2c6beb3860147e30ca8a7dc98910000000000000000000000000000000000000000000000000000000000000bb8", "from": "0xf39Fd6e51aad88F6F4ce6aB8827279cffFb92266", "to": "0xe7f1725E7734CE288F8367e1Bb143E90bb3F0512" }, invocation=null, revert=null, code=CALL_EXCEPTION, version=6.13.5)
    at makeError (/Users/ayushsrivastava/Downloads/standard-contracts/contracts/nft/node_modules/zetachain/node_modules/ethers/lib.commonjs/utils/errors.js:129:21)
    at getBuiltinCallException (/Users/ayushsrivastava/Downloads/standard-contracts/contracts/nft/node_modules/zetachain/node_modules/ethers/lib.commonjs/abi/abi-coder.js:105:37)
    at AbiCoder.getBuiltinCallException (/Users/ayushsrivastava/Downloads/standard-contracts/contracts/nft/node_modules/zetachain/node_modules/ethers/lib.commonjs/abi/abi-coder.js:206:16)
    at JsonRpcProvider.getRpcError (/Users/ayushsrivastava/Downloads/standard-contracts/contracts/nft/node_modules/zetachain/node_modules/ethers/lib.commonjs/providers/provider-jsonrpc.js:676:43)
    at /Users/ayushsrivastava/Downloads/standard-contracts/contracts/nft/node_modules/zetachain/node_modules/ethers/lib.commonjs/providers/provider-jsonrpc.js:302:45
    at process.processTicksAndRejections (node:internal/process/task_queues:95:5) {
  code: 'CALL_EXCEPTION',
  action: 'estimateGas',
  data: null,
  reason: null,
  transaction: {
    to: '0xe7f1725E7734CE288F8367e1Bb143E90bb3F0512',
    data: '0xa16712950000000000000000000000005fbdb2315678afecb367f032d93f642f64180aa3000000000000000000000000d97b1de3619ed2c6beb3860147e30ca8a7dc98910000000000000000000000000000000000000000000000000000000000000bb8',
    from: '0xf39Fd6e51aad88F6F4ce6aB8827279cffFb92266'
  },
  invocation: null,
  revert: null,
  shortMessage: 'missing revert data',
  info: {
    error: { code: -32003, message: 'nonce too low' },
    payload: {
      method: 'eth_estimateGas',
      params: [Array],
      id: 256,
      jsonrpc: '2.0'
    }
  }
}
[31mError initializing localnet: Error: missing revert data (action="estimateGas", data=null, reason=null, transaction={ "data": "0xa16712950000000000000000000000002ca7d64a7efe2d62a725e2b35cf7230d6677ffee0000000000000000000000005fbdb2315678afecb367f032d93f642f64180aa30000000000000000000000000000000000000000000000000000000000000bb8", "from": "0xf39Fd6e51aad88F6F4ce6aB8827279cffFb92266", "to": "0xe7f1725E7734CE288F8367e1Bb143E90bb3F0512" }, invocation=null, revert=null, code=CALL_EXCEPTION, version=6.13.5)[39m

Shutting down processes and cleaning up...
[32mSuccessfully killed process 60334 (anvil).[39m
error Command failed with exit code 1.
info Visit https://yarnpkg.com/en/docs/cli/run for documentation about this command.
